0 info it worked if it ends with ok
1 verbose cli [ 'node',
1 verbose cli   '/usr/local/bin/npm',
1 verbose cli   'install',
1 verbose cli   '-g',
1 verbose cli   'grunt-cli',
1 verbose cli   'bower' ]
2 info using npm@1.4.21
3 info using node@v0.10.30
4 verbose cache add [ 'grunt-cli', null ]
5 verbose cache add name=undefined spec="grunt-cli" args=["grunt-cli",null]
6 verbose parsed url { protocol: null,
6 verbose parsed url   slashes: null,
6 verbose parsed url   auth: null,
6 verbose parsed url   host: null,
6 verbose parsed url   port: null,
6 verbose parsed url   hostname: null,
6 verbose parsed url   hash: null,
6 verbose parsed url   search: null,
6 verbose parsed url   query: null,
6 verbose parsed url   pathname: 'grunt-cli',
6 verbose parsed url   path: 'grunt-cli',
6 verbose parsed url   href: 'grunt-cli' }
7 verbose cache add [ 'bower', null ]
8 verbose cache add name=undefined spec="bower" args=["bower",null]
9 verbose parsed url { protocol: null,
9 verbose parsed url   slashes: null,
9 verbose parsed url   auth: null,
9 verbose parsed url   host: null,
9 verbose parsed url   port: null,
9 verbose parsed url   hostname: null,
9 verbose parsed url   hash: null,
9 verbose parsed url   search: null,
9 verbose parsed url   query: null,
9 verbose parsed url   pathname: 'bower',
9 verbose parsed url   path: 'bower',
9 verbose parsed url   href: 'bower' }
10 silly lockFile 671ef8ac-grunt-cli grunt-cli
11 verbose lock grunt-cli /Users/sugan/.npm/671ef8ac-grunt-cli.lock
12 silly lockFile 206e3ce5-bower bower
13 verbose lock bower /Users/sugan/.npm/206e3ce5-bower.lock
14 silly lockFile 671ef8ac-grunt-cli grunt-cli
15 silly lockFile 671ef8ac-grunt-cli grunt-cli
16 silly lockFile 206e3ce5-bower bower
17 silly lockFile 206e3ce5-bower bower
18 verbose addNamed [ 'grunt-cli', '' ]
19 verbose addNamed [ null, '*' ]
20 silly lockFile d63f3d0b-grunt-cli grunt-cli@
21 verbose lock grunt-cli@ /Users/sugan/.npm/d63f3d0b-grunt-cli.lock
22 verbose addNamed [ 'bower', '' ]
23 verbose addNamed [ null, '*' ]
24 silly lockFile 1240aab1-bower bower@
25 verbose lock bower@ /Users/sugan/.npm/1240aab1-bower.lock
26 silly addNameRange { name: 'grunt-cli', range: '*', hasData: false }
27 silly addNameRange { name: 'bower', range: '*', hasData: false }
28 verbose request where is /grunt-cli
29 verbose request registry https://registry.npmjs.org/
30 verbose request id e3230806859a7743
31 verbose url raw /grunt-cli
32 verbose url resolving [ 'https://registry.npmjs.org/', './grunt-cli' ]
33 verbose url resolved https://registry.npmjs.org/grunt-cli
34 verbose request where is https://registry.npmjs.org/grunt-cli
35 info trying registry request attempt 1 at 14:47:30
36 http GET https://registry.npmjs.org/grunt-cli
37 verbose request where is /bower
38 verbose request registry https://registry.npmjs.org/
39 verbose url raw /bower
40 verbose url resolving [ 'https://registry.npmjs.org/', './bower' ]
41 verbose url resolved https://registry.npmjs.org/bower
42 verbose request where is https://registry.npmjs.org/bower
43 info trying registry request attempt 1 at 14:47:30
44 http GET https://registry.npmjs.org/bower
45 http 200 https://registry.npmjs.org/grunt-cli
46 silly registry.get cb [ 200,
46 silly registry.get   { server: 'CouchDB/1.5.0 (Erlang OTP/R16B03)',
46 silly registry.get     etag: '"A3UXJC9NMV1EBP3M3IY403BVC"',
46 silly registry.get     'content-type': 'application/json',
46 silly registry.get     'content-encoding': 'gzip',
46 silly registry.get     'cache-control': 'max-age=300',
46 silly registry.get     'content-length': '5889',
46 silly registry.get     'accept-ranges': 'bytes',
46 silly registry.get     date: 'Thu, 26 May 2016 09:17:04 GMT',
46 silly registry.get     via: '1.1 varnish',
46 silly registry.get     age: '88',
46 silly registry.get     connection: 'keep-alive',
46 silly registry.get     'x-served-by': 'cache-sin6926-SIN',
46 silly registry.get     'x-cache': 'HIT',
46 silly registry.get     'x-cache-hits': '6',
46 silly registry.get     'x-timer': 'S1464254224.630072,VS0,VE0',
46 silly registry.get     vary: 'Accept-Encoding' } ]
47 silly addNameRange number 2 { name: 'grunt-cli', range: '*', hasData: true }
48 silly addNameRange versions [ 'grunt-cli',
48 silly addNameRange   [ '0.1.0',
48 silly addNameRange     '0.1.1',
48 silly addNameRange     '0.1.2',
48 silly addNameRange     '0.1.3',
48 silly addNameRange     '0.1.4',
48 silly addNameRange     '0.1.5',
48 silly addNameRange     '0.1.6',
48 silly addNameRange     '0.1.7',
48 silly addNameRange     '0.1.8',
48 silly addNameRange     '0.1.9',
48 silly addNameRange     '0.1.10',
48 silly addNameRange     '0.1.11',
48 silly addNameRange     '0.1.12',
48 silly addNameRange     '0.1.13',
48 silly addNameRange     '1.0.0-rc1',
48 silly addNameRange     '1.0.0',
48 silly addNameRange     '1.0.1',
48 silly addNameRange     '1.1.0',
48 silly addNameRange     '1.2.0' ] ]
49 verbose addNamed [ 'grunt-cli', '1.2.0' ]
50 verbose addNamed [ '1.2.0', '1.2.0' ]
51 silly lockFile 923e46ff-grunt-cli-1-2-0 grunt-cli@1.2.0
52 verbose lock grunt-cli@1.2.0 /Users/sugan/.npm/923e46ff-grunt-cli-1-2-0.lock
53 silly lockFile 26cc79a9-rg-grunt-cli-grunt-cli-1-2-0-tgz https://registry.npmjs.org/grunt-cli/-/grunt-cli-1.2.0.tgz
54 verbose lock https://registry.npmjs.org/grunt-cli/-/grunt-cli-1.2.0.tgz /Users/sugan/.npm/26cc79a9-rg-grunt-cli-grunt-cli-1-2-0-tgz.lock
55 verbose addRemoteTarball [ 'https://registry.npmjs.org/grunt-cli/-/grunt-cli-1.2.0.tgz',
55 verbose addRemoteTarball   '562b119ebb069ddb464ace2845501be97b35b6a8' ]
56 info retry fetch attempt 1 at 14:47:32
57 verbose fetch to= /var/folders/l3/2rtbtlfd5wvf9ts_y3p696000000gq/T/npm-1593-z6-8wMz4/registry.npmjs.org/grunt-cli/-/grunt-cli-1.2.0.tgz
58 http GET https://registry.npmjs.org/grunt-cli/-/grunt-cli-1.2.0.tgz
59 http 200 https://registry.npmjs.org/bower
60 silly registry.get cb [ 200,
60 silly registry.get   { server: 'CouchDB/1.5.0 (Erlang OTP/R16B03)',
60 silly registry.get     etag: '"6E7E0KPZ2W1PF1SAUZLC9CQGC"',
60 silly registry.get     'content-type': 'application/json',
60 silly registry.get     'content-encoding': 'gzip',
60 silly registry.get     'cache-control': 'max-age=300',
60 silly registry.get     'content-length': '20450',
60 silly registry.get     'accept-ranges': 'bytes',
60 silly registry.get     date: 'Thu, 26 May 2016 09:17:04 GMT',
60 silly registry.get     via: '1.1 varnish',
60 silly registry.get     age: '94',
60 silly registry.get     connection: 'keep-alive',
60 silly registry.get     'x-served-by': 'cache-sin6921-SIN',
60 silly registry.get     'x-cache': 'HIT',
60 silly registry.get     'x-cache-hits': '5',
60 silly registry.get     'x-timer': 'S1464254224.626538,VS0,VE0',
60 silly registry.get     vary: 'Accept-Encoding' } ]
61 silly addNameRange number 2 { name: 'bower', range: '*', hasData: true }
62 silly addNameRange versions [ 'bower',
62 silly addNameRange   [ '0.1.0',
62 silly addNameRange     '0.1.2',
62 silly addNameRange     '0.1.3',
62 silly addNameRange     '0.2.0',
62 silly addNameRange     '0.3.0',
62 silly addNameRange     '0.3.1',
62 silly addNameRange     '0.3.2',
62 silly addNameRange     '0.4.0',
62 silly addNameRange     '0.5.0',
62 silly addNameRange     '0.5.1',
62 silly addNameRange     '0.6.0',
62 silly addNameRange     '0.6.1',
62 silly addNameRange     '0.6.2',
62 silly addNameRange     '0.6.3',
62 silly addNameRange     '0.6.4',
62 silly addNameRange     '0.6.5',
62 silly addNameRange     '0.6.6',
62 silly addNameRange     '0.6.7',
62 silly addNameRange     '0.6.8',
62 silly addNameRange     '0.7.0',
62 silly addNameRange     '0.7.1',
62 silly addNameRange     '0.8.0',
62 silly addNameRange     '0.8.1',
62 silly addNameRange     '0.8.2',
62 silly addNameRange     '0.8.3',
62 silly addNameRange     '0.8.4',
62 silly addNameRange     '0.8.5',
62 silly addNameRange     '0.8.6',
62 silly addNameRange     '0.9.0',
62 silly addNameRange     '0.9.1',
62 silly addNameRange     '0.9.2',
62 silly addNameRange     '0.10.0',
62 silly addNameRange     '1.0.0',
62 silly addNameRange     '1.0.1',
62 silly addNameRange     '1.0.2',
62 silly addNameRange     '1.0.3',
62 silly addNameRange     '1.1.0',
62 silly addNameRange     '1.1.1',
62 silly addNameRange     '1.1.2',
62 silly addNameRange     '1.2.0',
62 silly addNameRange     '1.2.1',
62 silly addNameRange     '1.2.2',
62 silly addNameRange     '1.2.3',
62 silly addNameRange     '1.2.4',
62 silly addNameRange     '1.2.5',
62 silly addNameRange     '1.2.6',
62 silly addNameRange     '1.2.7',
62 silly addNameRange     '1.2.8',
62 silly addNameRange     '1.3.0',
62 silly addNameRange     '1.3.1',
62 silly addNameRange     '1.3.2',
62 silly addNameRange     '1.3.3',
62 silly addNameRange     '1.3.4',
62 silly addNameRange     '1.3.5',
62 silly addNameRange     '1.3.6',
62 silly addNameRange     '1.3.7',
62 silly addNameRange     '1.3.8',
62 silly addNameRange     '1.3.9',
62 silly addNameRange     '1.3.10',
62 silly addNameRange     '1.3.11',
62 silly addNameRange     '1.3.12',
62 silly addNameRange     '1.4.0',
62 silly addNameRange     '1.4.1',
62 silly addNameRange     '1.5.0',
62 silly addNameRange     '1.5.1',
62 silly addNameRange     '1.5.2',
62 silly addNameRange     '1.5.3',
62 silly addNameRange     '1.6.2',
62 silly addNameRange     '1.6.3',
62 silly addNameRange     '1.6.4',
62 silly addNameRange     '1.6.5',
62 silly addNameRange     '1.5.4',
62 silly addNameRange     '1.4.2',
62 silly addNameRange     '1.6.6',
62 silly addNameRange     '1.6.7',
62 silly addNameRange     '1.6.8',
62 silly addNameRange     '1.6.9',
62 silly addNameRange     '1.7.0',
62 silly addNameRange     '1.7.1',
62 silly addNameRange     '1.7.2',
62 silly addNameRange     '1.7.5',
62 silly addNameRange     '1.7.6',
62 silly addNameRange     '1.7.7',
62 silly addNameRange     '1.7.8',
62 silly addNameRange     '1.7.9' ] ]
63 verbose addNamed [ 'bower', '1.7.9' ]
64 verbose addNamed [ '1.7.9', '1.7.9' ]
65 silly lockFile c07be986-bower-1-7-9 bower@1.7.9
66 verbose lock bower@1.7.9 /Users/sugan/.npm/c07be986-bower-1-7-9.lock
67 silly lockFile 1539c588--npmjs-org-bower-bower-1-7-9-tgz https://registry.npmjs.org/bower/-/bower-1.7.9.tgz
68 verbose lock https://registry.npmjs.org/bower/-/bower-1.7.9.tgz /Users/sugan/.npm/1539c588--npmjs-org-bower-bower-1-7-9-tgz.lock
69 verbose addRemoteTarball [ 'https://registry.npmjs.org/bower/-/bower-1.7.9.tgz',
69 verbose addRemoteTarball   'b7296c2393e0d75edaa6ca39648132dd255812b0' ]
70 info retry fetch attempt 1 at 14:47:32
71 verbose fetch to= /var/folders/l3/2rtbtlfd5wvf9ts_y3p696000000gq/T/npm-1593-z6-8wMz4/registry.npmjs.org/bower/-/bower-1.7.9.tgz
72 http GET https://registry.npmjs.org/bower/-/bower-1.7.9.tgz
73 http 200 https://registry.npmjs.org/grunt-cli/-/grunt-cli-1.2.0.tgz
74 silly lockFile 26cc79a9-rg-grunt-cli-grunt-cli-1-2-0-tgz https://registry.npmjs.org/grunt-cli/-/grunt-cli-1.2.0.tgz
75 silly lockFile 26cc79a9-rg-grunt-cli-grunt-cli-1-2-0-tgz https://registry.npmjs.org/grunt-cli/-/grunt-cli-1.2.0.tgz
76 silly lockFile 923e46ff-grunt-cli-1-2-0 grunt-cli@1.2.0
77 silly lockFile 923e46ff-grunt-cli-1-2-0 grunt-cli@1.2.0
78 silly lockFile d63f3d0b-grunt-cli grunt-cli@
79 silly lockFile d63f3d0b-grunt-cli grunt-cli@
80 http 200 https://registry.npmjs.org/bower/-/bower-1.7.9.tgz
81 silly lockFile 1539c588--npmjs-org-bower-bower-1-7-9-tgz https://registry.npmjs.org/bower/-/bower-1.7.9.tgz
82 silly lockFile 1539c588--npmjs-org-bower-bower-1-7-9-tgz https://registry.npmjs.org/bower/-/bower-1.7.9.tgz
83 silly lockFile c07be986-bower-1-7-9 bower@1.7.9
84 silly lockFile c07be986-bower-1-7-9 bower@1.7.9
85 silly lockFile 1240aab1-bower bower@
86 silly lockFile 1240aab1-bower bower@
87 silly resolved [ { name: 'grunt-cli',
87 silly resolved     description: 'The grunt command line interface',
87 silly resolved     version: '1.2.0',
87 silly resolved     author:
87 silly resolved      { name: 'Grunt Development Team',
87 silly resolved        url: 'http://gruntjs.com/development-team' },
87 silly resolved     repository:
87 silly resolved      { type: 'git',
87 silly resolved        url: 'git+https://github.com/gruntjs/grunt-cli.git' },
87 silly resolved     license: 'MIT',
87 silly resolved     engines: { node: '>=0.10.0' },
87 silly resolved     scripts: { test: 'node bin/grunt test' },
87 silly resolved     bin: { grunt: 'bin/grunt' },
87 silly resolved     dependencies:
87 silly resolved      { 'findup-sync': '~0.3.0',
87 silly resolved        'grunt-known-options': '~1.1.0',
87 silly resolved        nopt: '~3.0.6',
87 silly resolved        resolve: '~1.1.0' },
87 silly resolved     devDependencies: { grunt: '~0.4.5', 'grunt-contrib-jshint': '~1.0.0' },
87 silly resolved     files: [ 'bin', 'completion', 'lib' ],
87 silly resolved     appveyor_id: 'prp6g944b05jsq6d',
87 silly resolved     contributors: [ [Object], [Object], [Object], [Object] ],
87 silly resolved     gitHead: 'edd8bd29a72f2f28b63fe2629fcb7b9d9f2feb46',
87 silly resolved     bugs: { url: 'https://github.com/gruntjs/grunt-cli/issues' },
87 silly resolved     homepage: 'https://github.com/gruntjs/grunt-cli#readme',
87 silly resolved     _id: 'grunt-cli@1.2.0',
87 silly resolved     _shasum: '562b119ebb069ddb464ace2845501be97b35b6a8',
87 silly resolved     _from: 'grunt-cli@',
87 silly resolved     _npmVersion: '3.8.2',
87 silly resolved     _nodeVersion: '4.2.3',
87 silly resolved     _npmUser: { name: 'vladikoff', email: 'vlad@vladikoff.com' },
87 silly resolved     dist:
87 silly resolved      { shasum: '562b119ebb069ddb464ace2845501be97b35b6a8',
87 silly resolved        tarball: 'https://registry.npmjs.org/grunt-cli/-/grunt-cli-1.2.0.tgz' },
87 silly resolved     maintainers: [ [Object], [Object], [Object], [Object] ],
87 silly resolved     _npmOperationalInternal:
87 silly resolved      { host: 'packages-12-west.internal.npmjs.com',
87 silly resolved        tmp: 'tmp/grunt-cli-1.2.0.tgz_1459558434299_0.8824446983635426' },
87 silly resolved     directories: {},
87 silly resolved     _resolved: 'https://registry.npmjs.org/grunt-cli/-/grunt-cli-1.2.0.tgz' },
87 silly resolved   { name: 'bower',
87 silly resolved     version: '1.7.9',
87 silly resolved     description: 'The browser package manager',
87 silly resolved     author: { name: 'Twitter' },
87 silly resolved     license: 'MIT',
87 silly resolved     repository: { type: 'git', url: 'git+https://github.com/bower/bower.git' },
87 silly resolved     main: 'lib',
87 silly resolved     bin: { bower: 'bin/bower' },
87 silly resolved     homepage: 'http://bower.io',
87 silly resolved     engines: { node: '>=0.10.0' },
87 silly resolved     keywords: [ 'bower' ],
87 silly resolved     files: [ 'bin', 'lib' ],
87 silly resolved     bugs: { url: 'https://github.com/bower/bower/issues' },
87 silly resolved     _id: 'bower@1.7.9',
87 silly resolved     scripts: {},
87 silly resolved     _shasum: 'b7296c2393e0d75edaa6ca39648132dd255812b0',
87 silly resolved     _from: 'bower@',
87 silly resolved     _npmVersion: '3.7.3',
87 silly resolved     _nodeVersion: '5.9.0',
87 silly resolved     _npmUser: { name: 'sheerun', email: 'sheerun@sher.pl' },
87 silly resolved     dist:
87 silly resolved      { shasum: 'b7296c2393e0d75edaa6ca39648132dd255812b0',
87 silly resolved        tarball: 'https://registry.npmjs.org/bower/-/bower-1.7.9.tgz' },
87 silly resolved     maintainers:
87 silly resolved      [ [Object],
87 silly resolved        [Object],
87 silly resolved        [Object],
87 silly resolved        [Object],
87 silly resolved        [Object],
87 silly resolved        [Object],
87 silly resolved        [Object] ],
87 silly resolved     _npmOperationalInternal:
87 silly resolved      { host: 'packages-12-west.internal.npmjs.com',
87 silly resolved        tmp: 'tmp/bower-1.7.9.tgz_1459857239351_0.9720134933013469' },
87 silly resolved     directories: {},
87 silly resolved     _resolved: 'https://registry.npmjs.org/bower/-/bower-1.7.9.tgz' } ]
88 info install grunt-cli@1.2.0 into /usr/local/lib
89 info install bower@1.7.9 into /usr/local/lib
90 info installOne grunt-cli@1.2.0
91 info installOne bower@1.7.9
92 verbose lib/node_modules/bower unbuild
93 verbose lib/node_modules/grunt-cli unbuild
94 info preuninstall bower@1.3.12
95 info uninstall bower@1.3.12
96 verbose true,/usr/local/lib/node_modules,/usr/local/lib/node_modules unbuild bower@1.3.12
97 verbose /usr/local/bin,[object Object] binRoot
98 info preuninstall grunt-cli@0.1.13
99 info uninstall grunt-cli@0.1.13
100 verbose true,/usr/local/lib/node_modules,/usr/local/lib/node_modules unbuild grunt-cli@0.1.13
101 verbose /usr/local/bin,[object Object] binRoot
102 info postuninstall grunt-cli@0.1.13
103 verbose lib/node_modules/grunt-cli unbuild
104 info preuninstall grunt-cli@0.1.13
105 info uninstall grunt-cli@0.1.13
106 verbose true,/usr/local/lib/node_modules,/usr/local/lib/node_modules unbuild grunt-cli@0.1.13
107 verbose /usr/local/bin,[object Object] binRoot
108 info postuninstall bower@1.3.12
109 info postuninstall grunt-cli@0.1.13
110 verbose lib/node_modules/bower unbuild
111 error error rolling back Error: EACCES, unlink '/usr/local/lib/node_modules/grunt-cli'
111 error error rolling back  grunt-cli@1.2.0 { [Error: EACCES, unlink '/usr/local/lib/node_modules/grunt-cli']
111 error error rolling back   errno: 3,
111 error error rolling back   code: 'EACCES',
111 error error rolling back   path: '/usr/local/lib/node_modules/grunt-cli' }
112 error Error: EACCES, unlink '/usr/local/lib/node_modules/grunt-cli'
112 error  { [Error: EACCES, unlink '/usr/local/lib/node_modules/grunt-cli']
112 error   errno: 3,
112 error   code: 'EACCES',
112 error   path: '/usr/local/lib/node_modules/grunt-cli' }
113 error Please try running this command again as root/Administrator.
114 error System Darwin 14.5.0
115 error command "node" "/usr/local/bin/npm" "install" "-g" "grunt-cli" "bower"
116 error cwd /Users/sugan/Documents/Layer/angular
117 error node -v v0.10.30
118 error npm -v 1.4.21
119 error path /usr/local/lib/node_modules/grunt-cli
120 error code EACCES
121 error errno 3
122 error stack Error: EACCES, unlink '/usr/local/lib/node_modules/grunt-cli'
123 verbose exit [ 3, true ]
